[0402/193147.705:INFO:crashpad_lib_loader.cc(80)] Crashpad lib path: C:\Program Files (x86)\Dropbox\Client\248.3.3484\dropbox_crashpad.dll
[0402/193147.706:INFO:crashpad_lib_loader.cc(112)] AddSimpleAnnotation electron_version:19.1.9-dropbox.53
[0402/193147.707:ERROR:crashpad_lib_loader.cc(169)] No crashpad annotations provided
[0402/193347.649:INFO:crashpad_lib_loader.cc(80)] Crashpad lib path: C:\Program Files (x86)\Dropbox\Client\248.3.3484\dropbox_crashpad.dll
[0402/193347.650:INFO:crashpad_lib_loader.cc(112)] AddSimpleAnnotation electron_version:19.1.9-dropbox.53
[0402/193347.650:INFO:crashpad_lib_loader.cc(112)] AddSimpleAnnotation product_name:desktop_client
[0402/193347.650:INFO:crashpad_lib_loader.cc(112)] AddSimpleAnnotation buildid:main
[0402/193347.650:INFO:crashpad_lib_loader.cc(112)] AddSimpleAnnotation buildno:Dropbox-win-248.3.3484
[0402/193347.650:INFO:crashpad_lib_loader.cc(112)] AddSimpleAnnotation platform:win
[0402/193347.650:INFO:crashpad_lib_loader.cc(112)] AddSimpleAnnotation platform_version:11 22631
[0404/233344.660:INFO:crashpad_lib_loader.cc(80)] Crashpad lib path: C:\Program Files (x86)\Dropbox\Client\248.3.3501\dropbox_crashpad.dll
[0404/233344.661:INFO:crashpad_lib_loader.cc(112)] AddSimpleAnnotation electron_version:19.1.9-dropbox.53
[0404/233344.661:ERROR:crashpad_lib_loader.cc(169)] No crashpad annotations provided
[0404/233544.610:INFO:crashpad_lib_loader.cc(80)] Crashpad lib path: C:\Program Files (x86)\Dropbox\Client\248.3.3501\dropbox_crashpad.dll
[0404/233544.611:INFO:crashpad_lib_loader.cc(112)] AddSimpleAnnotation electron_version:19.1.9-dropbox.53
[0404/233544.611:INFO:crashpad_lib_loader.cc(112)] AddSimpleAnnotation product_name:desktop_client
[0404/233544.611:INFO:crashpad_lib_loader.cc(112)] AddSimpleAnnotation buildid:main
[0404/233544.611:INFO:crashpad_lib_loader.cc(112)] AddSimpleAnnotation buildno:Dropbox-win-248.3.3501
[0404/233544.611:INFO:crashpad_lib_loader.cc(112)] AddSimpleAnnotation platform:win
[0404/233544.611:INFO:crashpad_lib_loader.cc(112)] AddSimpleAnnotation platform_version:11 26200
[0407/114315.726:INFO:crashpad_lib_loader.cc(80)] Crashpad lib path: C:\Program Files (x86)\Dropbox\Client\248.3.3501\dropbox_crashpad.dll
[0407/114315.727:INFO:crashpad_lib_loader.cc(112)] AddSimpleAnnotation electron_version:19.1.9-dropbox.53
[0407/114315.727:ERROR:crashpad_lib_loader.cc(169)] No crashpad annotations provided
[0407/114851.956:INFO:crashpad_lib_loader.cc(80)] Crashpad lib path: C:\Program Files (x86)\Dropbox\Client\248.3.3501\dropbox_crashpad.dll
[0407/114851.957:INFO:crashpad_lib_loader.cc(112)] AddSimpleAnnotation electron_version:19.1.9-dropbox.53
[0407/114851.957:ERROR:crashpad_lib_loader.cc(169)] No crashpad annotations provided
[0407/115051.929:INFO:crashpad_lib_loader.cc(80)] Crashpad lib path: C:\Program Files (x86)\Dropbox\Client\248.3.3501\dropbox_crashpad.dll
[0407/115051.930:INFO:crashpad_lib_loader.cc(112)] AddSimpleAnnotation electron_version:19.1.9-dropbox.53
[0407/115051.930:INFO:crashpad_lib_loader.cc(112)] AddSimpleAnnotation product_name:desktop_client
[0407/115051.930:INFO:crashpad_lib_loader.cc(112)] AddSimpleAnnotation buildid:main
[0407/115051.930:INFO:crashpad_lib_loader.cc(112)] AddSimpleAnnotation buildno:Dropbox-win-248.3.3501
[0407/115051.930:INFO:crashpad_lib_loader.cc(112)] AddSimpleAnnotation platform:win
[0407/115051.930:INFO:crashpad_lib_loader.cc(112)] AddSimpleAnnotation platform_version:11 26200
[0407/120429.012:INFO:crashpad_lib_loader.cc(80)] Crashpad lib path: C:\Program Files (x86)\Dropbox\Client\248.3.3501\dropbox_crashpad.dll
[0407/120429.013:INFO:crashpad_lib_loader.cc(112)] AddSimpleAnnotation electron_version:19.1.9-dropbox.53
[0407/120429.013:ERROR:crashpad_lib_loader.cc(169)] No crashpad annotations provided
[0407/120628.979:INFO:crashpad_lib_loader.cc(80)] Crashpad lib path: C:\Program Files (x86)\Dropbox\Client\248.3.3501\dropbox_crashpad.dll
[0407/120628.979:INFO:crashpad_lib_loader.cc(112)] AddSimpleAnnotation electron_version:19.1.9-dropbox.53
[0407/120628.979:INFO:crashpad_lib_loader.cc(112)] AddSimpleAnnotation product_name:desktop_client
[0407/120628.979:INFO:crashpad_lib_loader.cc(112)] AddSimpleAnnotation buildid:main
[0407/120628.979:INFO:crashpad_lib_loader.cc(112)] AddSimpleAnnotation buildno:Dropbox-win-248.3.3501
[0407/120628.979:INFO:crashpad_lib_loader.cc(112)] AddSimpleAnnotation platform:win
[0407/120628.979:INFO:crashpad_lib_loader.cc(112)] AddSimpleAnnotation platform_version:11 26200
